{"level":"info","message":"Conectado ao MongoDB","service":"lyz-api","timestamp":"2025-05-22 13:56:06"}
{"level":"info","message":"Servidor rodando na porta 5000","service":"lyz-api","timestamp":"2025-05-22 13:56:06"}
{"level":"info","message":"GET /health","service":"lyz-api","timestamp":"2025-05-22 13:56:27"}
{"level":"info","message":"POST /api/auth/login","service":"lyz-api","timestamp":"2025-05-22 14:22:01"}
{"level":"info","message":"POST /api/auth/login","service":"lyz-api","timestamp":"2025-05-22 14:22:33"}
{"level":"info","message":"POST /api/auth/login","service":"lyz-api","timestamp":"2025-05-22 14:22:46"}
{"level":"info","message":"GET /health","service":"lyz-api","timestamp":"2025-05-22 14:23:54"}
{"level":"info","message":"GET /health","service":"lyz-api","timestamp":"2025-05-22 14:25:34"}
{"level":"info","message":"POST /api/auth/login","service":"lyz-api","timestamp":"2025-05-22 14:25:34"}
{"level":"info","message":"Conectado ao MongoDB","service":"lyz-api","timestamp":"2025-05-22 14:26:37"}
{"level":"info","message":"Servidor rodando na porta 5000","service":"lyz-api","timestamp":"2025-05-22 14:26:37"}
{"level":"info","message":"Conectado ao MongoDB","service":"lyz-api","timestamp":"2025-05-22 14:26:55"}
{"level":"info","message":"Servidor rodando na porta 5000","service":"lyz-api","timestamp":"2025-05-22 14:26:55"}
{"level":"info","message":"POST /admin-login","service":"lyz-api","timestamp":"2025-05-22 14:27:27"}
{"level":"info","message":"Tentativa de login administrativo para: marcus@lyz.ai","service":"lyz-api","timestamp":"2025-05-22 14:27:27"}
{"level":"info","message":"Usuário encontrado: marcus (superadmin)","service":"lyz-api","timestamp":"2025-05-22 14:27:27"}
{"level":"info","message":"POST /api/auth/login","service":"lyz-api","timestamp":"2025-05-22 14:29:06"}
{"level":"info","message":"POST /admin-login","service":"lyz-api","timestamp":"2025-05-22 14:29:06"}
{"level":"info","message":"Tentativa de login administrativo para: admin@lyz.ai","service":"lyz-api","timestamp":"2025-05-22 14:29:06"}
{"level":"error","message":"Usuário não encontrado: admin@lyz.ai","service":"lyz-api","timestamp":"2025-05-22 14:29:06"}
{"level":"info","message":"POST /api/auth/login","service":"lyz-api","timestamp":"2025-05-22 14:29:11"}
{"level":"error","message":"Erro no login: secretOrPrivateKey must have a value","service":"lyz-api","stack":"Error: secretOrPrivateKey must have a value\n    at module.exports [as sign] (/home/m/lyz.ai_rag3/backend/node_modules/jsonwebtoken/sign.js:111:20)\n    at exports.login (/home/m/lyz.ai_rag3/backend/src/controllers/auth.controller.js:271:30)\n    at process.processTicksAndRejections (node:internal/process/task_queues:95:5)","timestamp":"2025-05-22 14:29:12"}
{"level":"info","message":"POST /admin-login","service":"lyz-api","timestamp":"2025-05-22 14:29:12"}
{"level":"info","message":"Tentativa de login administrativo para: marcus@lyz.ai","service":"lyz-api","timestamp":"2025-05-22 14:29:12"}
{"level":"info","message":"Usuário encontrado: marcus (superadmin)","service":"lyz-api","timestamp":"2025-05-22 14:29:12"}
{"level":"info","message":"GET /api/plans/stats","service":"lyz-api","timestamp":"2025-05-22 14:29:12"}
{"level":"info","message":"GET /api/plans/stats","service":"lyz-api","timestamp":"2025-05-22 14:29:12"}
{"level":"info","message":"Conectado ao MongoDB","service":"lyz-api","timestamp":"2025-05-22 14:29:51"}
{"level":"info","message":"Servidor rodando na porta 5000","service":"lyz-api","timestamp":"2025-05-22 14:29:51"}
{"level":"info","message":"POST /api/auth/refresh-token","service":"lyz-api","timestamp":"2025-05-22 14:30:10"}
{"level":"error","message":"secret or public key must be provided","name":"JsonWebTokenError","service":"lyz-api","stack":"JsonWebTokenError: secret or public key must be provided\n    at /home/m/lyz.ai_rag3/backend/node_modules/jsonwebtoken/verify.js:113:19\n    at getSecret (/home/m/lyz.ai_rag3/backend/node_modules/jsonwebtoken/verify.js:97:14)\n    at module.exports [as verify] (/home/m/lyz.ai_rag3/backend/node_modules/jsonwebtoken/verify.js:101:10)\n    at exports.refreshToken (/home/m/lyz.ai_rag3/backend/src/controllers/auth.controller.js:321:25)\n    at Layer.handle [as handle_request] (/home/m/lyz.ai_rag3/backend/node_modules/express/lib/router/layer.js:95:5)\n    at next (/home/m/lyz.ai_rag3/backend/node_modules/express/lib/router/route.js:149:13)\n    at Route.dispatch (/home/m/lyz.ai_rag3/backend/node_modules/express/lib/router/route.js:119:3)\n    at Layer.handle [as handle_request] (/home/m/lyz.ai_rag3/backend/node_modules/express/lib/router/layer.js:95:5)\n    at /home/m/lyz.ai_rag3/backend/node_modules/express/lib/router/index.js:284:15\n    at Function.process_params (/home/m/lyz.ai_rag3/backend/node_modules/express/lib/router/index.js:346:12)","timestamp":"2025-05-22 14:30:10"}
{"level":"info","message":"POST /api/auth/refresh-token","service":"lyz-api","timestamp":"2025-05-22 14:30:10"}
{"level":"error","message":"secret or public key must be provided","name":"JsonWebTokenError","service":"lyz-api","stack":"JsonWebTokenError: secret or public key must be provided\n    at /home/m/lyz.ai_rag3/backend/node_modules/jsonwebtoken/verify.js:113:19\n    at getSecret (/home/m/lyz.ai_rag3/backend/node_modules/jsonwebtoken/verify.js:97:14)\n    at module.exports [as verify] (/home/m/lyz.ai_rag3/backend/node_modules/jsonwebtoken/verify.js:101:10)\n    at exports.refreshToken (/home/m/lyz.ai_rag3/backend/src/controllers/auth.controller.js:321:25)\n    at Layer.handle [as handle_request] (/home/m/lyz.ai_rag3/backend/node_modules/express/lib/router/layer.js:95:5)\n    at next (/home/m/lyz.ai_rag3/backend/node_modules/express/lib/router/route.js:149:13)\n    at Route.dispatch (/home/m/lyz.ai_rag3/backend/node_modules/express/lib/router/route.js:119:3)\n    at Layer.handle [as handle_request] (/home/m/lyz.ai_rag3/backend/node_modules/express/lib/router/layer.js:95:5)\n    at /home/m/lyz.ai_rag3/backend/node_modules/express/lib/router/index.js:284:15\n    at Function.process_params (/home/m/lyz.ai_rag3/backend/node_modules/express/lib/router/index.js:346:12)","timestamp":"2025-05-22 14:30:10"}
{"level":"info","message":"POST /api/auth/login","service":"lyz-api","timestamp":"2025-05-22 14:30:16"}
{"level":"error","message":"Erro no login: secretOrPrivateKey must have a value","service":"lyz-api","stack":"Error: secretOrPrivateKey must have a value\n    at module.exports [as sign] (/home/m/lyz.ai_rag3/backend/node_modules/jsonwebtoken/sign.js:111:20)\n    at exports.login (/home/m/lyz.ai_rag3/backend/src/controllers/auth.controller.js:271:30)\n    at process.processTicksAndRejections (node:internal/process/task_queues:95:5)","timestamp":"2025-05-22 14:30:17"}
{"level":"info","message":"POST /admin-login","service":"lyz-api","timestamp":"2025-05-22 14:30:17"}
{"level":"info","message":"Tentativa de login administrativo para: marcus@lyz.ai","service":"lyz-api","timestamp":"2025-05-22 14:30:17"}
{"level":"info","message":"Usuário encontrado: marcus (superadmin)","service":"lyz-api","timestamp":"2025-05-22 14:30:17"}
{"level":"info","message":"GET /api/plans/stats","service":"lyz-api","timestamp":"2025-05-22 14:30:17"}
{"level":"info","message":"GET /api/plans/stats","service":"lyz-api","timestamp":"2025-05-22 14:30:17"}
{"level":"info","message":"Conectado ao MongoDB","service":"lyz-api","timestamp":"2025-05-22 14:33:25"}
{"level":"info","message":"Servidor rodando na porta 5000","service":"lyz-api","timestamp":"2025-05-22 14:33:25"}
{"level":"info","message":"POST /api/auth/refresh-token","service":"lyz-api","timestamp":"2025-05-22 14:33:38"}
{"level":"error","message":"invalid signature","name":"JsonWebTokenError","service":"lyz-api","stack":"JsonWebTokenError: invalid signature\n    at /home/m/lyz.ai_rag3/backend/node_modules/jsonwebtoken/verify.js:171:19\n    at getSecret (/home/m/lyz.ai_rag3/backend/node_modules/jsonwebtoken/verify.js:97:14)\n    at module.exports [as verify] (/home/m/lyz.ai_rag3/backend/node_modules/jsonwebtoken/verify.js:101:10)\n    at exports.refreshToken (/home/m/lyz.ai_rag3/backend/src/controllers/auth.controller.js:321:25)\n    at Layer.handle [as handle_request] (/home/m/lyz.ai_rag3/backend/node_modules/express/lib/router/layer.js:95:5)\n    at next (/home/m/lyz.ai_rag3/backend/node_modules/express/lib/router/route.js:149:13)\n    at Route.dispatch (/home/m/lyz.ai_rag3/backend/node_modules/express/lib/router/route.js:119:3)\n    at Layer.handle [as handle_request] (/home/m/lyz.ai_rag3/backend/node_modules/express/lib/router/layer.js:95:5)\n    at /home/m/lyz.ai_rag3/backend/node_modules/express/lib/router/index.js:284:15\n    at Function.process_params (/home/m/lyz.ai_rag3/backend/node_modules/express/lib/router/index.js:346:12)","timestamp":"2025-05-22 14:33:38"}
{"level":"info","message":"POST /api/auth/refresh-token","service":"lyz-api","timestamp":"2025-05-22 14:33:38"}
{"level":"error","message":"invalid signature","name":"JsonWebTokenError","service":"lyz-api","stack":"JsonWebTokenError: invalid signature\n    at /home/m/lyz.ai_rag3/backend/node_modules/jsonwebtoken/verify.js:171:19\n    at getSecret (/home/m/lyz.ai_rag3/backend/node_modules/jsonwebtoken/verify.js:97:14)\n    at module.exports [as verify] (/home/m/lyz.ai_rag3/backend/node_modules/jsonwebtoken/verify.js:101:10)\n    at exports.refreshToken (/home/m/lyz.ai_rag3/backend/src/controllers/auth.controller.js:321:25)\n    at Layer.handle [as handle_request] (/home/m/lyz.ai_rag3/backend/node_modules/express/lib/router/layer.js:95:5)\n    at next (/home/m/lyz.ai_rag3/backend/node_modules/express/lib/router/route.js:149:13)\n    at Route.dispatch (/home/m/lyz.ai_rag3/backend/node_modules/express/lib/router/route.js:119:3)\n    at Layer.handle [as handle_request] (/home/m/lyz.ai_rag3/backend/node_modules/express/lib/router/layer.js:95:5)\n    at /home/m/lyz.ai_rag3/backend/node_modules/express/lib/router/index.js:284:15\n    at Function.process_params (/home/m/lyz.ai_rag3/backend/node_modules/express/lib/router/index.js:346:12)","timestamp":"2025-05-22 14:33:38"}
{"level":"info","message":"POST /api/auth/login","service":"lyz-api","timestamp":"2025-05-22 14:33:48"}
{"level":"info","message":"Conectado ao MongoDB","service":"lyz-api","timestamp":"2025-05-22 14:34:20"}
{"level":"info","message":"Servidor rodando na porta 5000","service":"lyz-api","timestamp":"2025-05-22 14:34:20"}
{"level":"info","message":"POST /api/auth/login","service":"lyz-api","timestamp":"2025-05-22 14:35:34"}
{"level":"info","message":"GET /api/plans/stats","service":"lyz-api","timestamp":"2025-05-22 14:35:34"}
{"level":"info","message":"GET /api/plans/stats","service":"lyz-api","timestamp":"2025-05-22 14:35:34"}
{"level":"info","message":"Conectado ao MongoDB","service":"lyz-api","timestamp":"2025-05-22 14:36:03"}
{"level":"info","message":"Servidor rodando na porta 5000","service":"lyz-api","timestamp":"2025-05-22 14:36:03"}
{"level":"info","message":"Conectado ao MongoDB","service":"lyz-api","timestamp":"2025-05-22 16:42:19"}
{"level":"info","message":"Servidor rodando na porta 5000","service":"lyz-api","timestamp":"2025-05-22 16:42:19"}
{"level":"info","message":"POST /api/auth/refresh-token","service":"lyz-api","timestamp":"2025-05-22 16:42:56"}
{"level":"info","message":"POST /api/auth/refresh-token","service":"lyz-api","timestamp":"2025-05-22 16:42:56"}
{"level":"info","message":"POST /api/auth/login","service":"lyz-api","timestamp":"2025-05-22 16:42:58"}
{"level":"info","message":"GET /api/plans/stats","service":"lyz-api","timestamp":"2025-05-22 16:42:58"}
{"level":"info","message":"GET /api/plans/stats","service":"lyz-api","timestamp":"2025-05-22 16:42:58"}
{"level":"info","message":"GET /api/plans?","service":"lyz-api","timestamp":"2025-05-22 16:54:19"}
{"level":"info","message":"POST /api/auth/refresh-token","service":"lyz-api","timestamp":"2025-05-22 16:54:26"}
{"level":"info","message":"POST /api/auth/refresh-token","service":"lyz-api","timestamp":"2025-05-22 16:54:26"}
{"level":"info","message":"GET /api/plans?","service":"lyz-api","timestamp":"2025-05-22 16:54:26"}
{"level":"info","message":"GET /api/plans?","service":"lyz-api","timestamp":"2025-05-22 16:54:26"}
{"level":"info","message":"GET /api/plans?","service":"lyz-api","timestamp":"2025-05-22 16:55:10"}
{"level":"info","message":"Conectado ao MongoDB","service":"lyz-api","timestamp":"2025-05-22 17:10:46"}
{"level":"info","message":"Servidor rodando na porta 5000","service":"lyz-api","timestamp":"2025-05-22 17:10:46"}
{"level":"info","message":"POST /api/auth/refresh-token","service":"lyz-api","timestamp":"2025-05-22 17:11:07"}
{"level":"info","message":"POST /api/auth/refresh-token","service":"lyz-api","timestamp":"2025-05-22 17:11:07"}
{"level":"info","message":"POST /api/auth/login","service":"lyz-api","timestamp":"2025-05-22 17:11:11"}
{"level":"info","message":"GET /api/plans/stats","service":"lyz-api","timestamp":"2025-05-22 17:11:11"}
{"kind":"ObjectId","level":"error","message":"Erro ao buscar plano: Cast to ObjectId failed for value \"stats\" (type string) at path \"_id\" for model \"Plan\"","path":"_id","reason":{},"service":"lyz-api","stack":"CastError: Cast to ObjectId failed for value \"stats\" (type string) at path \"_id\" for model \"Plan\"\n    at SchemaObjectId.cast (/home/m/lyz.ai_rag3/backend/node_modules/mongoose/lib/schema/objectId.js:251:11)\n    at SchemaType.applySetters (/home/m/lyz.ai_rag3/backend/node_modules/mongoose/lib/schemaType.js:1255:12)\n    at SchemaType.castForQuery (/home/m/lyz.ai_rag3/backend/node_modules/mongoose/lib/schemaType.js:1673:17)\n    at cast (/home/m/lyz.ai_rag3/backend/node_modules/mongoose/lib/cast.js:390:32)\n    at Query.cast (/home/m/lyz.ai_rag3/backend/node_modules/mongoose/lib/query.js:5055:12)\n    at Query._castConditions (/home/m/lyz.ai_rag3/backend/node_modules/mongoose/lib/query.js:2351:10)\n    at model.Query._findOne (/home/m/lyz.ai_rag3/backend/node_modules/mongoose/lib/query.js:2674:8)\n    at model.Query.exec (/home/m/lyz.ai_rag3/backend/node_modules/mongoose/lib/query.js:4604:80)\n    at process.processTicksAndRejections (node:internal/process/task_queues:95:5)\n    at async exports.getPlan (/home/m/lyz.ai_rag3/backend/src/controllers/plan.controller.js:79:18)","stringValue":"\"stats\"","timestamp":"2025-05-22 17:11:12","value":"stats","valueType":"string"}
{"level":"info","message":"GET /api/plans/stats","service":"lyz-api","timestamp":"2025-05-22 17:11:12"}
{"kind":"ObjectId","level":"error","message":"Erro ao buscar plano: Cast to ObjectId failed for value \"stats\" (type string) at path \"_id\" for model \"Plan\"","path":"_id","reason":{},"service":"lyz-api","stack":"CastError: Cast to ObjectId failed for value \"stats\" (type string) at path \"_id\" for model \"Plan\"\n    at SchemaObjectId.cast (/home/m/lyz.ai_rag3/backend/node_modules/mongoose/lib/schema/objectId.js:251:11)\n    at SchemaType.applySetters (/home/m/lyz.ai_rag3/backend/node_modules/mongoose/lib/schemaType.js:1255:12)\n    at SchemaType.castForQuery (/home/m/lyz.ai_rag3/backend/node_modules/mongoose/lib/schemaType.js:1673:17)\n    at cast (/home/m/lyz.ai_rag3/backend/node_modules/mongoose/lib/cast.js:390:32)\n    at Query.cast (/home/m/lyz.ai_rag3/backend/node_modules/mongoose/lib/query.js:5055:12)\n    at Query._castConditions (/home/m/lyz.ai_rag3/backend/node_modules/mongoose/lib/query.js:2351:10)\n    at model.Query._findOne (/home/m/lyz.ai_rag3/backend/node_modules/mongoose/lib/query.js:2674:8)\n    at model.Query.exec (/home/m/lyz.ai_rag3/backend/node_modules/mongoose/lib/query.js:4604:80)\n    at process.processTicksAndRejections (node:internal/process/task_queues:95:5)\n    at async exports.getPlan (/home/m/lyz.ai_rag3/backend/src/controllers/plan.controller.js:79:18)","stringValue":"\"stats\"","timestamp":"2025-05-22 17:11:12","value":"stats","valueType":"string"}
{"level":"info","message":"GET /api/plans?","service":"lyz-api","timestamp":"2025-05-22 17:11:15"}
{"level":"info","message":"GET /api/plans?","service":"lyz-api","timestamp":"2025-05-22 17:11:15"}
{"level":"info","message":"GET /api/plans?","service":"lyz-api","timestamp":"2025-05-22 17:11:16"}
{"level":"info","message":"GET /api/plans?","service":"lyz-api","timestamp":"2025-05-22 17:11:17"}
{"level":"info","message":"Conectado ao MongoDB","service":"lyz-api","timestamp":"2025-05-22 17:13:36"}
{"level":"info","message":"Servidor rodando na porta 5000","service":"lyz-api","timestamp":"2025-05-22 17:13:36"}
{"level":"info","message":"POST /api/auth/login","service":"lyz-api","timestamp":"2025-05-22 17:13:45"}
{"level":"info","message":"GET /api/plans/stats","service":"lyz-api","timestamp":"2025-05-22 17:13:46"}
{"level":"info","message":"GET /api/plans/stats","service":"lyz-api","timestamp":"2025-05-22 17:13:47"}
{"level":"info","message":"GET /api/plans?limit=5&sort=-created_at","service":"lyz-api","timestamp":"2025-05-22 17:13:47"}
{"level":"info","message":"GET /api/plans?limit=5&sort=-created_at","service":"lyz-api","timestamp":"2025-05-22 17:13:48"}
{"level":"info","message":"GET /api/plans?","service":"lyz-api","timestamp":"2025-05-22 17:13:48"}
{"level":"info","message":"GET /api/plans?","service":"lyz-api","timestamp":"2025-05-22 17:13:49"}
{"level":"info","message":"GET /api/plans?","service":"lyz-api","timestamp":"2025-05-22 17:13:49"}
{"level":"info","message":"GET /api/plans?","service":"lyz-api","timestamp":"2025-05-22 17:13:50"}
{"level":"info","message":"POST /api/auth/refresh-token","service":"lyz-api","timestamp":"2025-05-22 17:20:11"}
{"level":"info","message":"POST /api/auth/refresh-token","service":"lyz-api","timestamp":"2025-05-22 17:20:11"}
{"level":"info","message":"Conectado ao MongoDB","service":"lyz-api","timestamp":"2025-05-22 17:20:55"}
{"level":"info","message":"Servidor rodando na porta 5000","service":"lyz-api","timestamp":"2025-05-22 17:20:55"}
{"level":"info","message":"POST /api/auth/refresh-token","service":"lyz-api","timestamp":"2025-05-22 17:21:06"}
{"level":"info","message":"POST /api/auth/refresh-token","service":"lyz-api","timestamp":"2025-05-22 17:21:06"}
{"level":"info","message":"POST /api/auth/refresh-token","service":"lyz-api","timestamp":"2025-05-22 17:21:25"}
{"level":"info","message":"POST /api/auth/refresh-token","service":"lyz-api","timestamp":"2025-05-22 17:21:25"}
{"level":"info","message":"POST /api/auth/login","service":"lyz-api","timestamp":"2025-05-22 17:21:28"}
{"level":"info","message":"GET /api/plans/stats","service":"lyz-api","timestamp":"2025-05-22 17:21:28"}
{"level":"info","message":"GET /api/plans/stats","service":"lyz-api","timestamp":"2025-05-22 17:21:29"}
{"level":"info","message":"GET /api/plans?limit=5&sort=-created_at","service":"lyz-api","timestamp":"2025-05-22 17:21:29"}
{"level":"info","message":"GET /api/plans?limit=5&sort=-created_at","service":"lyz-api","timestamp":"2025-05-22 17:21:30"}
{"level":"info","message":"POST /api/auth/refresh-token","service":"lyz-api","timestamp":"2025-05-22 17:23:24"}
{"level":"info","message":"POST /api/auth/refresh-token","service":"lyz-api","timestamp":"2025-05-22 17:23:24"}
{"level":"info","message":"POST /api/auth/refresh-token","service":"lyz-api","timestamp":"2025-05-22 17:24:07"}
{"level":"info","message":"POST /api/auth/refresh-token","service":"lyz-api","timestamp":"2025-05-22 17:24:07"}
{"level":"info","message":"POST /api/auth/refresh-token","service":"lyz-api","timestamp":"2025-05-22 17:26:33"}
{"level":"info","message":"POST /api/auth/refresh-token","service":"lyz-api","timestamp":"2025-05-22 17:26:33"}
{"level":"info","message":"POST /api/auth/login","service":"lyz-api","timestamp":"2025-05-22 17:26:35"}
{"level":"info","message":"GET /api/plans/stats","service":"lyz-api","timestamp":"2025-05-22 17:26:35"}
{"level":"info","message":"GET /api/plans/stats","service":"lyz-api","timestamp":"2025-05-22 17:26:36"}
{"level":"info","message":"GET /api/plans?limit=5&sort=-created_at","service":"lyz-api","timestamp":"2025-05-22 17:26:36"}
{"level":"info","message":"GET /api/plans?limit=5&sort=-created_at","service":"lyz-api","timestamp":"2025-05-22 17:26:37"}
{"level":"info","message":"POST /api/auth/refresh-token","service":"lyz-api","timestamp":"2025-05-22 17:29:58"}
{"level":"info","message":"POST /api/auth/refresh-token","service":"lyz-api","timestamp":"2025-05-22 17:29:58"}
{"level":"info","message":"POST /api/auth/login","service":"lyz-api","timestamp":"2025-05-22 17:30:00"}
{"level":"info","message":"GET /api/plans/stats","service":"lyz-api","timestamp":"2025-05-22 17:30:01"}
{"level":"info","message":"GET /api/plans/stats","service":"lyz-api","timestamp":"2025-05-22 17:30:02"}
{"level":"info","message":"GET /api/plans?limit=5&sort=-created_at","service":"lyz-api","timestamp":"2025-05-22 17:30:02"}
{"level":"info","message":"GET /api/plans?limit=5&sort=-created_at","service":"lyz-api","timestamp":"2025-05-22 17:30:03"}
{"level":"info","message":"POST /api/plans","service":"lyz-api","timestamp":"2025-05-22 17:38:21"}
{"level":"info","message":"GET /api/plans/undefined","service":"lyz-api","timestamp":"2025-05-22 17:41:23"}
{"kind":"ObjectId","level":"error","message":"Erro ao buscar plano: Cast to ObjectId failed for value \"undefined\" (type string) at path \"_id\" for model \"Plan\"","path":"_id","reason":{},"service":"lyz-api","stack":"CastError: Cast to ObjectId failed for value \"undefined\" (type string) at path \"_id\" for model \"Plan\"\n    at SchemaObjectId.cast (/home/m/lyz.ai_rag3/backend/node_modules/mongoose/lib/schema/objectId.js:251:11)\n    at SchemaType.applySetters (/home/m/lyz.ai_rag3/backend/node_modules/mongoose/lib/schemaType.js:1255:12)\n    at SchemaType.castForQuery (/home/m/lyz.ai_rag3/backend/node_modules/mongoose/lib/schemaType.js:1673:17)\n    at cast (/home/m/lyz.ai_rag3/backend/node_modules/mongoose/lib/cast.js:390:32)\n    at Query.cast (/home/m/lyz.ai_rag3/backend/node_modules/mongoose/lib/query.js:5055:12)\n    at Query._castConditions (/home/m/lyz.ai_rag3/backend/node_modules/mongoose/lib/query.js:2351:10)\n    at model.Query._findOne (/home/m/lyz.ai_rag3/backend/node_modules/mongoose/lib/query.js:2674:8)\n    at model.Query.exec (/home/m/lyz.ai_rag3/backend/node_modules/mongoose/lib/query.js:4604:80)\n    at process.processTicksAndRejections (node:internal/process/task_queues:95:5)\n    at async exports.getPlan (/home/m/lyz.ai_rag3/backend/src/controllers/plan.controller.js:79:18)","stringValue":"\"undefined\"","timestamp":"2025-05-22 17:41:23","value":"undefined","valueType":"string"}
{"level":"info","message":"Conectado ao MongoDB","service":"lyz-api","timestamp":"2025-05-22 17:42:26"}
{"level":"info","message":"Servidor rodando na porta 5000","service":"lyz-api","timestamp":"2025-05-22 17:42:26"}
{"level":"info","message":"POST /api/auth/refresh-token","service":"lyz-api","timestamp":"2025-05-22 17:42:35"}
{"level":"info","message":"POST /api/auth/refresh-token","service":"lyz-api","timestamp":"2025-05-22 17:42:35"}
{"level":"info","message":"GET /api/plans/undefined","service":"lyz-api","timestamp":"2025-05-22 17:42:36"}
{"kind":"ObjectId","level":"error","message":"Erro ao buscar plano: Cast to ObjectId failed for value \"undefined\" (type string) at path \"_id\" for model \"Plan\"","path":"_id","reason":{},"service":"lyz-api","stack":"CastError: Cast to ObjectId failed for value \"undefined\" (type string) at path \"_id\" for model \"Plan\"\n    at SchemaObjectId.cast (/home/m/lyz.ai_rag3/backend/node_modules/mongoose/lib/schema/objectId.js:251:11)\n    at SchemaType.applySetters (/home/m/lyz.ai_rag3/backend/node_modules/mongoose/lib/schemaType.js:1255:12)\n    at SchemaType.castForQuery (/home/m/lyz.ai_rag3/backend/node_modules/mongoose/lib/schemaType.js:1673:17)\n    at cast (/home/m/lyz.ai_rag3/backend/node_modules/mongoose/lib/cast.js:390:32)\n    at Query.cast (/home/m/lyz.ai_rag3/backend/node_modules/mongoose/lib/query.js:5055:12)\n    at Query._castConditions (/home/m/lyz.ai_rag3/backend/node_modules/mongoose/lib/query.js:2351:10)\n    at model.Query._findOne (/home/m/lyz.ai_rag3/backend/node_modules/mongoose/lib/query.js:2674:8)\n    at model.Query.exec (/home/m/lyz.ai_rag3/backend/node_modules/mongoose/lib/query.js:4604:80)\n    at process.processTicksAndRejections (node:internal/process/task_queues:95:5)\n    at async exports.getPlan (/home/m/lyz.ai_rag3/backend/src/controllers/plan.controller.js:79:18)","stringValue":"\"undefined\"","timestamp":"2025-05-22 17:42:36","value":"undefined","valueType":"string"}
{"level":"info","message":"GET /api/plans/undefined","service":"lyz-api","timestamp":"2025-05-22 17:42:36"}
{"kind":"ObjectId","level":"error","message":"Erro ao buscar plano: Cast to ObjectId failed for value \"undefined\" (type string) at path \"_id\" for model \"Plan\"","path":"_id","reason":{},"service":"lyz-api","stack":"CastError: Cast to ObjectId failed for value \"undefined\" (type string) at path \"_id\" for model \"Plan\"\n    at SchemaObjectId.cast (/home/m/lyz.ai_rag3/backend/node_modules/mongoose/lib/schema/objectId.js:251:11)\n    at SchemaType.applySetters (/home/m/lyz.ai_rag3/backend/node_modules/mongoose/lib/schemaType.js:1255:12)\n    at SchemaType.castForQuery (/home/m/lyz.ai_rag3/backend/node_modules/mongoose/lib/schemaType.js:1673:17)\n    at cast (/home/m/lyz.ai_rag3/backend/node_modules/mongoose/lib/cast.js:390:32)\n    at Query.cast (/home/m/lyz.ai_rag3/backend/node_modules/mongoose/lib/query.js:5055:12)\n    at Query._castConditions (/home/m/lyz.ai_rag3/backend/node_modules/mongoose/lib/query.js:2351:10)\n    at model.Query._findOne (/home/m/lyz.ai_rag3/backend/node_modules/mongoose/lib/query.js:2674:8)\n    at model.Query.exec (/home/m/lyz.ai_rag3/backend/node_modules/mongoose/lib/query.js:4604:80)\n    at process.processTicksAndRejections (node:internal/process/task_queues:95:5)\n    at async exports.getPlan (/home/m/lyz.ai_rag3/backend/src/controllers/plan.controller.js:79:18)","stringValue":"\"undefined\"","timestamp":"2025-05-22 17:42:36","value":"undefined","valueType":"string"}
{"level":"info","message":"POST /api/auth/refresh-token","service":"lyz-api","timestamp":"2025-05-22 17:44:05"}
{"level":"info","message":"POST /api/auth/refresh-token","service":"lyz-api","timestamp":"2025-05-22 17:44:05"}
{"level":"info","message":"POST /api/auth/refresh-token","service":"lyz-api","timestamp":"2025-05-22 17:44:18"}
{"level":"info","message":"POST /api/auth/refresh-token","service":"lyz-api","timestamp":"2025-05-22 17:44:18"}
{"level":"info","message":"GET /api/plans?","service":"lyz-api","timestamp":"2025-05-22 17:44:22"}
{"level":"info","message":"GET /api/plans?","service":"lyz-api","timestamp":"2025-05-22 17:44:23"}
{"level":"info","message":"GET /api/plans?","service":"lyz-api","timestamp":"2025-05-22 17:44:24"}
{"level":"info","message":"GET /api/plans?","service":"lyz-api","timestamp":"2025-05-22 17:44:25"}
{"level":"info","message":"GET /api/plans?","service":"lyz-api","timestamp":"2025-05-22 17:44:28"}
{"level":"info","message":"GET /api/plans?","service":"lyz-api","timestamp":"2025-05-22 17:44:29"}
{"level":"info","message":"GET /api/plans?","service":"lyz-api","timestamp":"2025-05-22 17:44:30"}
{"level":"info","message":"GET /api/plans?","service":"lyz-api","timestamp":"2025-05-22 17:44:30"}
{"level":"info","message":"Conectado ao MongoDB","service":"lyz-api","timestamp":"2025-05-22 17:44:55"}
{"level":"info","message":"Servidor rodando na porta 5000","service":"lyz-api","timestamp":"2025-05-22 17:44:55"}
{"level":"info","message":"POST /api/auth/refresh-token","service":"lyz-api","timestamp":"2025-05-22 17:48:03"}
{"level":"info","message":"POST /api/auth/refresh-token","service":"lyz-api","timestamp":"2025-05-22 17:48:03"}
{"level":"info","message":"GET /api/plans?","service":"lyz-api","timestamp":"2025-05-22 17:48:04"}
{"level":"info","message":"GET /api/plans?","service":"lyz-api","timestamp":"2025-05-22 17:48:05"}
{"level":"info","message":"GET /api/plans?","service":"lyz-api","timestamp":"2025-05-22 17:48:06"}
{"level":"info","message":"GET /api/plans?","service":"lyz-api","timestamp":"2025-05-22 17:48:07"}
{"level":"info","message":"POST /api/auth/refresh-token","service":"lyz-api","timestamp":"2025-05-22 17:51:25"}
{"level":"info","message":"POST /api/auth/refresh-token","service":"lyz-api","timestamp":"2025-05-22 17:51:25"}
{"level":"info","message":"GET /api/plans?","service":"lyz-api","timestamp":"2025-05-22 17:51:27"}
{"level":"info","message":"GET /api/plans?","service":"lyz-api","timestamp":"2025-05-22 17:51:27"}
{"level":"info","message":"GET /api/plans?","service":"lyz-api","timestamp":"2025-05-22 17:51:28"}
{"level":"info","message":"GET /api/plans?","service":"lyz-api","timestamp":"2025-05-22 17:51:29"}
{"level":"info","message":"GET /api/plans/682f8b3d6bcdfc71fc8ff04a","service":"lyz-api","timestamp":"2025-05-22 17:51:30"}
{"level":"info","message":"GET /api/plans/682f8b3d6bcdfc71fc8ff04a","service":"lyz-api","timestamp":"2025-05-22 17:51:31"}
{"level":"info","message":"GET /api/plans/682f8b3d6bcdfc71fc8ff04a","service":"lyz-api","timestamp":"2025-05-22 17:51:31"}
{"level":"info","message":"GET /api/plans/682f8b3d6bcdfc71fc8ff04a","service":"lyz-api","timestamp":"2025-05-22 17:51:32"}
{"level":"info","message":"POST /api/auth/login","service":"lyz-api","timestamp":"2025-05-22 17:51:56"}
{"level":"info","message":"GET /api/plans/stats","service":"lyz-api","timestamp":"2025-05-22 17:51:56"}
{"level":"info","message":"GET /api/plans/stats","service":"lyz-api","timestamp":"2025-05-22 17:51:57"}
{"level":"info","message":"GET /api/plans?limit=5&sort=-created_at","service":"lyz-api","timestamp":"2025-05-22 17:51:57"}
{"level":"info","message":"GET /api/plans?limit=5&sort=-created_at","service":"lyz-api","timestamp":"2025-05-22 17:51:58"}
{"level":"info","message":"GET /api/plans/682f8b3d6bcdfc71fc8ff04a","service":"lyz-api","timestamp":"2025-05-22 17:52:04"}
{"level":"info","message":"GET /api/plans/682f8b3d6bcdfc71fc8ff04a","service":"lyz-api","timestamp":"2025-05-22 17:52:05"}
{"level":"info","message":"GET /api/plans/682f8b3d6bcdfc71fc8ff04a","service":"lyz-api","timestamp":"2025-05-22 17:52:06"}
{"level":"info","message":"GET /api/plans/682f8b3d6bcdfc71fc8ff04a","service":"lyz-api","timestamp":"2025-05-22 17:52:06"}
{"level":"info","message":"GET /api/plans?","service":"lyz-api","timestamp":"2025-05-22 17:52:18"}
{"level":"info","message":"GET /api/plans?","service":"lyz-api","timestamp":"2025-05-22 17:52:18"}
{"level":"info","message":"GET /api/plans?","service":"lyz-api","timestamp":"2025-05-22 17:52:19"}
{"level":"info","message":"GET /api/plans?","service":"lyz-api","timestamp":"2025-05-22 17:52:20"}
{"level":"info","message":"GET /api/plans/stats","service":"lyz-api","timestamp":"2025-05-22 17:52:22"}
{"level":"info","message":"GET /api/plans/stats","service":"lyz-api","timestamp":"2025-05-22 17:52:23"}
{"level":"info","message":"GET /api/plans?limit=5&sort=-created_at","service":"lyz-api","timestamp":"2025-05-22 17:52:23"}
{"level":"info","message":"GET /api/plans?","service":"lyz-api","timestamp":"2025-05-22 17:52:23"}
{"level":"info","message":"GET /api/plans?","service":"lyz-api","timestamp":"2025-05-22 17:52:24"}
{"level":"info","message":"GET /api/plans/stats","service":"lyz-api","timestamp":"2025-05-22 17:52:24"}
{"level":"info","message":"GET /api/plans?limit=5&sort=-created_at","service":"lyz-api","timestamp":"2025-05-22 17:52:24"}
{"level":"info","message":"GET /api/plans?","service":"lyz-api","timestamp":"2025-05-22 17:52:25"}
{"level":"info","message":"GET /api/plans/stats","service":"lyz-api","timestamp":"2025-05-22 17:52:25"}
{"level":"info","message":"GET /api/plans?limit=5&sort=-created_at","service":"lyz-api","timestamp":"2025-05-22 17:52:25"}
{"level":"info","message":"GET /api/plans?","service":"lyz-api","timestamp":"2025-05-22 17:52:25"}
{"level":"info","message":"GET /api/plans?limit=5&sort=-created_at","service":"lyz-api","timestamp":"2025-05-22 17:52:26"}
{"level":"info","message":"POST /api/auth/login","service":"lyz-api","timestamp":"2025-05-22 17:52:26"}
{"level":"info","message":"GET /api/plans/stats","service":"lyz-api","timestamp":"2025-05-22 17:52:27"}
{"level":"info","message":"GET /api/plans/stats","service":"lyz-api","timestamp":"2025-05-22 17:52:28"}
{"level":"info","message":"GET /api/plans?limit=5&sort=-created_at","service":"lyz-api","timestamp":"2025-05-22 17:52:28"}
{"level":"info","message":"GET /api/plans?limit=5&sort=-created_at","service":"lyz-api","timestamp":"2025-05-22 17:52:29"}
{"level":"info","message":"GET /api/plans?","service":"lyz-api","timestamp":"2025-05-22 17:53:04"}
{"level":"info","message":"GET /api/plans?","service":"lyz-api","timestamp":"2025-05-22 17:53:05"}
{"level":"info","message":"GET /api/plans?","service":"lyz-api","timestamp":"2025-05-22 17:53:05"}
{"level":"info","message":"GET /api/plans?","service":"lyz-api","timestamp":"2025-05-22 17:53:06"}
{"level":"info","message":"GET /api/plans/682f8b3d6bcdfc71fc8ff04a","service":"lyz-api","timestamp":"2025-05-22 17:53:10"}
{"level":"info","message":"GET /api/plans/682f8b3d6bcdfc71fc8ff04a","service":"lyz-api","timestamp":"2025-05-22 17:53:10"}
{"level":"info","message":"GET /api/plans/682f8b3d6bcdfc71fc8ff04a","service":"lyz-api","timestamp":"2025-05-22 17:53:11"}
{"level":"info","message":"GET /api/plans/682f8b3d6bcdfc71fc8ff04a","service":"lyz-api","timestamp":"2025-05-22 17:53:11"}
